C:\Program Files (x86)\Microsoft Visual Studio\2019\Community\MSBuild\Microsoft\VC\v160\Microsoft.CppBuild.targets(453,5): warning MSB8004: Output 디렉터리가 슬래시로 끝나지 않습니다. Output 디렉터리의 적절한 평가를 허용하는 데 필요하므로 이 빌드 인스턴스에서 슬래시를 추가합니다.
  stdafx.cpp
  Animation.cpp
  Application.cpp
  Background.cpp
D:\20612김형규 소전\개인 프로젝트 개발\Object.h(48,11): warning C4244: '=': 'PX'에서 'FLOAT'(으)로 변환하면서 데이터가 손실될 수 있습니다.
          with
          [
              PX=double
          ]
D:\20612김형규 소전\개인 프로젝트 개발\Background.cpp(21): message : 컴파일되는 함수 템플릿 인스턴스화 'void Object::setPos<double,float>(PX,PY)'에 대한 참조를 확인하세요.
          with
          [
              PX=double,
              PY=float
          ]
  Bridge.cpp
D:\20612김형규 소전\개인 프로젝트 개발\Object.h(48,11): warning C4244: '=': 'PX'에서 'FLOAT'(으)로 변환하면서 데이터가 손실될 수 있습니다.
          with
          [
              PX=double
          ]
D:\20612김형규 소전\개인 프로젝트 개발\Bridge.cpp(20): message : 컴파일되는 함수 템플릿 인스턴스화 'void Object::setPos<double,float>(PX,PY)'에 대한 참조를 확인하세요.
          with
          [
              PX=double,
              PY=float
          ]
  Console.cpp
  EndScene.cpp
D:\20612김형규 소전\개인 프로젝트 개발\EndScene.cpp(23,96): warning C4244: '인수': 'int'에서 'FLOAT'(으)로 변환하면서 데이터가 손실될 수 있습니다.
D:\20612김형규 소전\개인 프로젝트 개발\EndScene.cpp(23,66): warning C4244: '인수': 'int'에서 'FLOAT'(으)로 변환하면서 데이터가 손실될 수 있습니다.
D:\20612김형규 소전\개인 프로젝트 개발\Object.h(48,11): warning C4244: '=': 'PX'에서 'FLOAT'(으)로 변환하면서 데이터가 손실될 수 있습니다.
          with
          [
              PX=int
          ]
D:\20612김형규 소전\개인 프로젝트 개발\EndScene.cpp(15): message : 컴파일되는 함수 템플릿 인스턴스화 'void Object::setPos<int,int>(PX,PY)'에 대한 참조를 확인하세요.
          with
          [
              PX=int,
              PY=int
          ]
D:\20612김형규 소전\개인 프로젝트 개발\Object.h(49,11): warning C4244: '=': 'PY'에서 'FLOAT'(으)로 변환하면서 데이터가 손실될 수 있습니다.
          with
          [
              PY=int
          ]
  GameScene.cpp
D:\20612김형규 소전\개인 프로젝트 개발\Object.h(48,11): warning C4244: '=': 'PX'에서 'FLOAT'(으)로 변환하면서 데이터가 손실될 수 있습니다.
          with
          [
              PX=int
          ]
D:\20612김형규 소전\개인 프로젝트 개발\GameScene.cpp(15): message : 컴파일되는 함수 템플릿 인스턴스화 'void Object::setPos<int,int>(PX,PY)'에 대한 참조를 확인하세요.
          with
          [
              PX=int,
              PY=int
          ]
D:\20612김형규 소전\개인 프로젝트 개발\Object.h(49,11): warning C4244: '=': 'PY'에서 'FLOAT'(으)로 변환하면서 데이터가 손실될 수 있습니다.
          with
          [
              PY=int
          ]
  MainScene.cpp
D:\20612김형규 소전\개인 프로젝트 개발\MainScene.cpp(19,94): warning C4244: '인수': 'int'에서 'FLOAT'(으)로 변환하면서 데이터가 손실될 수 있습니다.
D:\20612김형규 소전\개인 프로젝트 개발\MainScene.cpp(19,65): warning C4244: '인수': 'int'에서 'FLOAT'(으)로 변환하면서 데이터가 손실될 수 있습니다.
D:\20612김형규 소전\개인 프로젝트 개발\Object.h(48,11): warning C4244: '=': 'PX'에서 'FLOAT'(으)로 변환하면서 데이터가 손실될 수 있습니다.
          with
          [
              PX=int
          ]
D:\20612김형규 소전\개인 프로젝트 개발\MainScene.cpp(11): message : 컴파일되는 함수 템플릿 인스턴스화 'void Object::setPos<int,int>(PX,PY)'에 대한 참조를 확인하세요.
          with
          [
              PX=int,
              PY=int
          ]
D:\20612김형규 소전\개인 프로젝트 개발\Object.h(49,11): warning C4244: '=': 'PY'에서 'FLOAT'(으)로 변환하면서 데이터가 손실될 수 있습니다.
          with
          [
              PY=int
          ]
  Number.cpp
  Object.cpp
D:\20612김형규 소전\개인 프로젝트 개발\Object.cpp(63,18): warning C4244: '+=': 'FLOAT'에서 'LONG'(으)로 변환하면서 데이터가 손실될 수 있습니다.
D:\20612김형규 소전\개인 프로젝트 개발\Object.cpp(64,19): warning C4244: '+=': 'FLOAT'에서 'LONG'(으)로 변환하면서 데이터가 손실될 수 있습니다.
D:\20612김형규 소전\개인 프로젝트 개발\Object.cpp(65,17): warning C4244: '+=': 'FLOAT'에서 'LONG'(으)로 변환하면서 데이터가 손실될 수 있습니다.
D:\20612김형규 소전\개인 프로젝트 개발\Object.cpp(66,20): warning C4244: '+=': 'FLOAT'에서 'LONG'(으)로 변환하면서 데이터가 손실될 수 있습니다.
D:\20612김형규 소전\개인 프로젝트 개발\Object.cpp(68,30): warning C4244: '+=': 'float'에서 'LONG'(으)로 변환하면서 데이터가 손실될 수 있습니다.
D:\20612김형규 소전\개인 프로젝트 개발\Object.cpp(69,31): warning C4244: '+=': 'float'에서 'LONG'(으)로 변환하면서 데이터가 손실될 수 있습니다.
D:\20612김형규 소전\개인 프로젝트 개발\Object.cpp(70,29): warning C4244: '+=': 'float'에서 'LONG'(으)로 변환하면서 데이터가 손실될 수 있습니다.
D:\20612김형규 소전\개인 프로젝트 개발\Object.cpp(71,32): warning C4244: '+=': 'float'에서 'LONG'(으)로 변환하면서 데이터가 손실될 수 있습니다.
  Obstacle.cpp
D:\20612김형규 소전\개인 프로젝트 개발\Object.h(48,11): warning C4244: '=': 'PX'에서 'FLOAT'(으)로 변환하면서 데이터가 손실될 수 있습니다.
          with
          [
              PX=double
          ]
D:\20612김형규 소전\개인 프로젝트 개발\Obstacle.cpp(26): message : 컴파일되는 함수 템플릿 인스턴스화 'void Object::setPos<double,float>(PX,PY)'에 대한 참조를 확인하세요.
          with
          [
              PX=double,
              PY=float
          ]
  Player.cpp
D:\20612김형규 소전\개인 프로젝트 개발\Player.cpp(8,15): warning C4305: '=': 'double'에서 'float'(으)로 잘립니다.
D:\20612김형규 소전\개인 프로젝트 개발\Player.cpp(46,91): warning C4244: '인수': 'int'에서 'FLOAT'(으)로 변환하면서 데이터가 손실될 수 있습니다.
D:\20612김형규 소전\개인 프로젝트 개발\Player.cpp(46,57): warning C4244: '인수': 'int'에서 'FLOAT'(으)로 변환하면서 데이터가 손실될 수 있습니다.
  Scene.cpp
  SceneManager.cpp
  SoundManager.cpp
  Sprite.cpp
D:\20612김형규 소전\개인 프로젝트 개발\Sprite.cpp(40,48): warning C4244: '인수': 'int'에서 'FLOAT'(으)로 변환하면서 데이터가 손실될 수 있습니다.
D:\20612김형규 소전\개인 프로젝트 개발\Sprite.cpp(40,35): warning C4244: '인수': 'int'에서 'FLOAT'(으)로 변환하면서 데이터가 손실될 수 있습니다.
  TextureManager.cpp
  inputManager.cpp
D:\20612김형규 소전\개인 프로젝트 개발\inputManager.cpp(42,27): warning C4244: '인수': 'LONG'에서 'FLOAT'(으)로 변환하면서 데이터가 손실될 수 있습니다.
D:\20612김형규 소전\개인 프로젝트 개발\inputManager.cpp(42,22): warning C4244: '인수': 'LONG'에서 'FLOAT'(으)로 변환하면서 데이터가 손실될 수 있습니다.
  main.cpp
  코드를 생성하고 있습니다.
  2 of 520 functions ( 0.4%) were compiled, the rest were copied from previous compilation.
    0 functions were new in current compilation
    7 functions had inline decision re-evaluated but remain unchanged
  코드를 생성했습니다.
  GameProgramming.vcxproj -> C:\Users\Sunrin\Desktop\GameProgramming.exe
